<?xml version="1.0" encoding="UTF-8"?>
<!-- Generated by org.testng.reporters.JUnitReportReporter -->
<testsuite skipped="0" hostname="LAZ-TH-L-M-0053" name="test.execution.TestNG_TestSuite" tests="1" failures="0" timestamp="28 Sep 2018 02:03:08 GMT" time="5.348" errors="0">
  <testcase name="fillBasicInfo" time="5.348" classname="test.execution.TestNG_TestSuite"/>
</testsuite> <!-- test.execution.TestNG_TestSuite -->
