<?xml version="1.0" encoding="UTF-8"?>
<!-- Generated by org.testng.reporters.JUnitReportReporter -->
<testsuite skipped="0" hostname="LAZ-TH-L-M-0053" name="test.execution.TestNG_Grouping" tests="4" failures="0" timestamp="28 Sep 2018 02:03:08 GMT" time="0.034" errors="0">
  <testcase name="BMW3Series" time="0.002" classname="test.execution.TestNG_Grouping"/>
  <testcase name="AudiA6" time="0.003" classname="test.execution.TestNG_Grouping"/>
  <testcase name="HondaAccord" time="0.001" classname="test.execution.TestNG_Grouping"/>
  <testcase name="BMWX3" time="0.028" classname="test.execution.TestNG_Grouping"/>
</testsuite> <!-- test.execution.TestNG_Grouping -->
